<?xml version="1.0" encoding="UTF-8"?>
<!-- Generated by org.testng.reporters.JUnitReportReporter -->
<testsuite hostname="cherry_on_top" failures="0" tests="5" name="testProject.Datatest" time="4.537" errors="0" timestamp="2025-06-04T13:41:52 IST" skipped="0">
  <testcase classname="testProject.Datatest" name="test1" time="0.487"/>
  <testcase classname="testProject.Datatest" name="test1" time="2.215"/>
  <testcase classname="testProject.Datatest" name="test1" time="0.593"/>
  <testcase classname="testProject.Datatest" name="test1" time="0.651"/>
  <testcase classname="testProject.Datatest" name="test1" time="0.591"/>
</testsuite> <!-- testProject.Datatest -->
